<?xml version="1.0" encoding="UTF-8"?>
<!-- Generated by org.testng.reporters.JUnitXMLReporter -->
<testsuite hostname="DESKTOP-RLEMNO7" ignored="0" name="Test" tests="42" failures="4" timestamp="09 May 2022 07:32:06 GMT" time="1371.189" errors="0">
  <testcase name="add_system_user" time="24.398" classname="org.test.pro.add_system_users.TC08_addsystemuser_assigngroup_and_check"/>
  <testcase name="add_system_user1" time="39.734" classname="org.test.pro.add_system_users.TC08_addsystemuser_assigngroup_and_check">
    <failure type="org.openqa.selenium.NoSuchElementException" message="Unable to locate element: //div[@class=&amp;apos;ng-select-container&amp;apos;]
For documentation on this error, please visit: https://www.seleniumhq.org/exceptions/no_such_element.html
Build info: version: &amp;apos;3.141.59&amp;apos;, revision: &amp;apos;e82be7d358&amp;apos;, time: &amp;apos;2018-11-14T08:17:03&amp;apos;
System info: host: &amp;apos;DESKTOP-RLEMNO7&amp;apos;, ip: &amp;apos;192.168.68.102&amp;apos;, os.name: &amp;apos;Windows 10&amp;apos;, os.arch: &amp;apos;amd64&amp;apos;, os.version: &amp;apos;10.0&amp;apos;, java.version: &amp;apos;1.8.0_333&amp;apos;
Driver info: org.openqa.selenium.firefox.FirefoxDriver
Capabilities {acceptInsecureCerts: true, browserName: firefox, browserVersion: 99.0.1, javascriptEnabled: true, moz:accessibilityChecks: false, moz:buildID: 20220411174855, moz:geckodriverVersion: 0.31.0, moz:headless: false, moz:processID: 15252, moz:profile: C:\Users\HP\AppData\Local\T..., moz:shutdownTimeout: 60000, moz:useNonSpecCompliantPointerOrigin: false, moz:webdriverClick: true, pageLoadStrategy: normal, platform: WINDOWS, platformName: WINDOWS, platformVersion: 10.0, proxy: Proxy(), setWindowRect: true, strictFileInteractability: false, timeouts: {implicit: 0, pageLoad: 300000, script: 30000}, unhandledPromptBehavior: dismiss and notify}
Session ID: 113cdf5c-9042-46e0-ac43-d7f941e51487
*** Element info: {Using=xpath, value=//div[@class=&amp;apos;ng-select-container&amp;apos;]}">
      <![CDATA[org.openqa.selenium.NoSuchElementException: Unable to locate element: //div[@class='ng-select-container']
For documentation on this error, please visit: https://www.seleniumhq.org/exceptions/no_such_element.html
Build info: version: '3.141.59', revision: 'e82be7d358', time: '2018-11-14T08:17:03'
System info: host: 'DESKTOP-RLEMNO7', ip: '192.168.68.102', os.name: 'Windows 10', os.arch: 'amd64', os.version: '10.0', java.version: '1.8.0_333'
Driver info: org.openqa.selenium.firefox.FirefoxDriver
Capabilities {acceptInsecureCerts: true, browserName: firefox, browserVersion: 99.0.1, javascriptEnabled: true, moz:accessibilityChecks: false, moz:buildID: 20220411174855, moz:geckodriverVersion: 0.31.0, moz:headless: false, moz:processID: 15252, moz:profile: C:\Users\HP\AppData\Local\T..., moz:shutdownTimeout: 60000, moz:useNonSpecCompliantPointerOrigin: false, moz:webdriverClick: true, pageLoadStrategy: normal, platform: WINDOWS, platformName: WINDOWS, platformVersion: 10.0, proxy: Proxy(), setWindowRect: true, strictFileInteractability: false, timeouts: {implicit: 0, pageLoad: 300000, script: 30000}, unhandledPromptBehavior: dismiss and notify}
Session ID: 113cdf5c-9042-46e0-ac43-d7f941e51487
*** Element info: {Using=xpath, value=//div[@class='ng-select-container']}
	at org.openqa.selenium.remote.http.W3CHttpResponseCodec.createException(W3CHttpResponseCodec.java:187)
	at org.openqa.selenium.remote.http.W3CHttpResponseCodec.decode(W3CHttpResponseCodec.java:122)
	at org.openqa.selenium.remote.http.W3CHttpResponseCodec.decode(W3CHttpResponseCodec.java:49)
	at org.openqa.selenium.remote.HttpCommandExecutor.execute(HttpCommandExecutor.java:158)
	at org.openqa.selenium.remote.service.DriverCommandExecutor.execute(DriverCommandExecutor.java:83)
	at org.openqa.selenium.remote.RemoteWebDriver.execute(RemoteWebDriver.java:552)
	at org.openqa.selenium.remote.RemoteWebDriver.findElement(RemoteWebDriver.java:323)
	at org.openqa.selenium.remote.RemoteWebDriver.findElementByXPath(RemoteWebDriver.java:428)
	at org.openqa.selenium.By$ByXPath.findElement(By.java:353)
	at org.openqa.selenium.remote.RemoteWebDriver.findElement(RemoteWebDriver.java:315)
	at org.test.pro.add_system_users.TC08_addsystemuser_assigngroup_and_check.add_system_user1(TC08_addsystemuser_assigngroup_and_check.java:104)
... Removed 29 stack frames]]>
    </failure>
  </testcase> <!-- add_system_user1 -->
  <testcase name="add_system_user2" time="45.539" classname="org.test.pro.add_system_users.TC08_addsystemuser_assigngroup_and_check"/>
  <testcase name="add_system_user" time="24.142" classname="org.test.pro.add_system_users.TC12_check_nonadmin_user_privileges">
    <failure type="org.openqa.selenium.WebDriverException" message="unknown error: unhandled inspector error: {&amp;quot;code&amp;quot;:-32000,&amp;quot;message&amp;quot;:&amp;quot;Inspected target navigated or closed&amp;quot;}
  (Session info: chrome=101.0.4951.54)
Build info: version: &amp;apos;3.141.59&amp;apos;, revision: &amp;apos;e82be7d358&amp;apos;, time: &amp;apos;2018-11-14T08:17:03&amp;apos;
System info: host: &amp;apos;DESKTOP-RLEMNO7&amp;apos;, ip: &amp;apos;192.168.68.102&amp;apos;, os.name: &amp;apos;Windows 10&amp;apos;, os.arch: &amp;apos;amd64&amp;apos;, os.version: &amp;apos;10.0&amp;apos;, java.version: &amp;apos;1.8.0_333&amp;apos;
Driver info: org.openqa.selenium.chrome.ChromeDriver
Capabilities {acceptInsecureCerts: false, browserName: chrome, browserVersion: 101.0.4951.54, chrome: {chromedriverVersion: 101.0.4951.41 (93c720db8323..., userDataDir: C:\Users\HP\AppData\Local\T...}, goog:chromeOptions: {debuggerAddress: localhost:58231}, javascriptEnabled: true, networkConnectionEnabled: false, pageLoadStrategy: normal, platform: WINDOWS, platformName: WINDOWS, proxy: Proxy(), setWindowRect: true, strictFileInteractability: false, timeouts: {implicit: 0, pageLoad: 300000, script: 30000}, unhandledPromptBehavior: dismiss and notify, webauthn:extension:credBlob: true, webauthn:extension:largeBlob: true, webauthn:virtualAuthenticators: true}
Session ID: 3a3500ed1c4bc2c8c51a9730e313c98b
*** Element info: {Using=xpath, value=//div[@class=&amp;apos;header-left-menu pt-1&amp;apos;]}">
      <![CDATA[org.openqa.selenium.WebDriverException: unknown error: unhandled inspector error: {"code":-32000,"message":"Inspected target navigated or closed"}
  (Session info: chrome=101.0.4951.54)
Build info: version: '3.141.59', revision: 'e82be7d358', time: '2018-11-14T08:17:03'
System info: host: 'DESKTOP-RLEMNO7', ip: '192.168.68.102', os.name: 'Windows 10', os.arch: 'amd64', os.version: '10.0', java.version: '1.8.0_333'
Driver info: org.openqa.selenium.chrome.ChromeDriver
Capabilities {acceptInsecureCerts: false, browserName: chrome, browserVersion: 101.0.4951.54, chrome: {chromedriverVersion: 101.0.4951.41 (93c720db8323..., userDataDir: C:\Users\HP\AppData\Local\T...}, goog:chromeOptions: {debuggerAddress: localhost:58231}, javascriptEnabled: true, networkConnectionEnabled: false, pageLoadStrategy: normal, platform: WINDOWS, platformName: WINDOWS, proxy: Proxy(), setWindowRect: true, strictFileInteractability: false, timeouts: {implicit: 0, pageLoad: 300000, script: 30000}, unhandledPromptBehavior: dismiss and notify, webauthn:extension:credBlob: true, webauthn:extension:largeBlob: true, webauthn:virtualAuthenticators: true}
Session ID: 3a3500ed1c4bc2c8c51a9730e313c98b
*** Element info: {Using=xpath, value=//div[@class='header-left-menu pt-1']}
	at org.openqa.selenium.remote.http.W3CHttpResponseCodec.createException(W3CHttpResponseCodec.java:187)
	at org.openqa.selenium.remote.http.W3CHttpResponseCodec.decode(W3CHttpResponseCodec.java:122)
	at org.openqa.selenium.remote.http.W3CHttpResponseCodec.decode(W3CHttpResponseCodec.java:49)
	at org.openqa.selenium.remote.HttpCommandExecutor.execute(HttpCommandExecutor.java:158)
	at org.openqa.selenium.remote.service.DriverCommandExecutor.execute(DriverCommandExecutor.java:83)
	at org.openqa.selenium.remote.RemoteWebDriver.execute(RemoteWebDriver.java:552)
	at org.openqa.selenium.remote.RemoteWebDriver.findElement(RemoteWebDriver.java:323)
	at org.openqa.selenium.remote.RemoteWebDriver.findElementByXPath(RemoteWebDriver.java:428)
	at org.openqa.selenium.By$ByXPath.findElement(By.java:353)
	at org.openqa.selenium.remote.RemoteWebDriver.findElement(RemoteWebDriver.java:315)
	at org.openqa.selenium.support.pagefactory.DefaultElementLocator.findElement(DefaultElementLocator.java:69)
	at org.openqa.selenium.support.pagefactory.internal.LocatingElementHandler.invoke(LocatingElementHandler.java:38)
	at com.sun.proxy.$Proxy8.click(Unknown Source)
	at org.test.pro.add_system_users.TC12_check_nonadmin_user_privileges.add_system_user(TC12_check_nonadmin_user_privileges.java:63)
... Removed 29 stack frames]]>
    </failure>
  </testcase> <!-- add_system_user -->
  <testcase name="add_system_user1" time="28.713" classname="org.test.pro.add_system_users.TC12_check_nonadmin_user_privileges"/>
  <testcase name="add_system_user2" time="46.083" classname="org.test.pro.add_system_users.TC12_check_nonadmin_user_privileges"/>
  <testcase name="add_system_user" time="21.367" classname="org.test.pro.add_system_users.TC01_add_systemuser_and_verify"/>
  <testcase name="add_system_user1" time="24.518" classname="org.test.pro.add_system_users.TC01_add_systemuser_and_verify"/>
  <testcase name="add_system_user2" time="23.244" classname="org.test.pro.add_system_users.TC01_add_systemuser_and_verify"/>
  <testcase name="add_system_user" time="34.663" classname="org.test.pro.add_system_users.TC04_adduser_with_repository_and_group_and_check"/>
  <testcase name="add_system_user1" time="40.428" classname="org.test.pro.add_system_users.TC04_adduser_with_repository_and_group_and_check"/>
  <testcase name="add_system_user2" time="56.609" classname="org.test.pro.add_system_users.TC04_adduser_with_repository_and_group_and_check"/>
  <testcase name="add_system_user" time="21.67" classname="org.test.pro.add_system_users.TC14_adduser_as_inactive_check_status"/>
  <testcase name="add_system_user1" time="25.176" classname="org.test.pro.add_system_users.TC14_adduser_as_inactive_check_status"/>
  <testcase name="add_system_user2" time="23.581" classname="org.test.pro.add_system_users.TC14_adduser_as_inactive_check_status"/>
  <testcase name="add_system_user" time="16.179" classname="org.test.pro.add_system_users.TC07_check_without_selecting_repository_group_field_is_selectable_or_not"/>
  <testcase name="add_system_user1" time="19.602" classname="org.test.pro.add_system_users.TC07_check_without_selecting_repository_group_field_is_selectable_or_not"/>
  <testcase name="add_system_user2" time="37.959" classname="org.test.pro.add_system_users.TC07_check_without_selecting_repository_group_field_is_selectable_or_not"/>
  <testcase name="add_system_user" time="29.913" classname="org.test.pro.add_system_users.TC05_check_dashboardlist_based_on_repository_select"/>
  <testcase name="add_system_user1" time="32.975" classname="org.test.pro.add_system_users.TC05_check_dashboardlist_based_on_repository_select">
    <failure type="org.openqa.selenium.StaleElementReferenceException" message="The element reference of &amp;lt;a class=&amp;quot;dropdown-toggle rounded-right&amp;quot; href=&amp;quot;javascript:void(0);&amp;quot;&amp;gt; is stale; either the element is no longer attached to the DOM, it is not in the current frame context, or the document has been refreshed
For documentation on this error, please visit: https://www.seleniumhq.org/exceptions/stale_element_reference.html
Build info: version: &amp;apos;3.141.59&amp;apos;, revision: &amp;apos;e82be7d358&amp;apos;, time: &amp;apos;2018-11-14T08:17:03&amp;apos;
System info: host: &amp;apos;DESKTOP-RLEMNO7&amp;apos;, ip: &amp;apos;192.168.68.102&amp;apos;, os.name: &amp;apos;Windows 10&amp;apos;, os.arch: &amp;apos;amd64&amp;apos;, os.version: &amp;apos;10.0&amp;apos;, java.version: &amp;apos;1.8.0_333&amp;apos;
Driver info: org.openqa.selenium.firefox.FirefoxDriver
Capabilities {acceptInsecureCerts: true, browserName: firefox, browserVersion: 99.0.1, javascriptEnabled: true, moz:accessibilityChecks: false, moz:buildID: 20220411174855, moz:geckodriverVersion: 0.31.0, moz:headless: false, moz:processID: 17096, moz:profile: C:\Users\HP\AppData\Local\T..., moz:shutdownTimeout: 60000, moz:useNonSpecCompliantPointerOrigin: false, moz:webdriverClick: true, pageLoadStrategy: normal, platform: WINDOWS, platformName: WINDOWS, platformVersion: 10.0, proxy: Proxy(), setWindowRect: true, strictFileInteractability: false, timeouts: {implicit: 0, pageLoad: 300000, script: 30000}, unhandledPromptBehavior: dismiss and notify}
Session ID: 4a0a0192-3a95-42bb-aeec-b2ddb2f24618">
      <![CDATA[org.openqa.selenium.StaleElementReferenceException: The element reference of <a class="dropdown-toggle rounded-right" href="javascript:void(0);"> is stale; either the element is no longer attached to the DOM, it is not in the current frame context, or the document has been refreshed
For documentation on this error, please visit: https://www.seleniumhq.org/exceptions/stale_element_reference.html
Build info: version: '3.141.59', revision: 'e82be7d358', time: '2018-11-14T08:17:03'
System info: host: 'DESKTOP-RLEMNO7', ip: '192.168.68.102', os.name: 'Windows 10', os.arch: 'amd64', os.version: '10.0', java.version: '1.8.0_333'
Driver info: org.openqa.selenium.firefox.FirefoxDriver
Capabilities {acceptInsecureCerts: true, browserName: firefox, browserVersion: 99.0.1, javascriptEnabled: true, moz:accessibilityChecks: false, moz:buildID: 20220411174855, moz:geckodriverVersion: 0.31.0, moz:headless: false, moz:processID: 17096, moz:profile: C:\Users\HP\AppData\Local\T..., moz:shutdownTimeout: 60000, moz:useNonSpecCompliantPointerOrigin: false, moz:webdriverClick: true, pageLoadStrategy: normal, platform: WINDOWS, platformName: WINDOWS, platformVersion: 10.0, proxy: Proxy(), setWindowRect: true, strictFileInteractability: false, timeouts: {implicit: 0, pageLoad: 300000, script: 30000}, unhandledPromptBehavior: dismiss and notify}
Session ID: 4a0a0192-3a95-42bb-aeec-b2ddb2f24618
	at org.openqa.selenium.remote.http.W3CHttpResponseCodec.createException(W3CHttpResponseCodec.java:187)
	at org.openqa.selenium.remote.http.W3CHttpResponseCodec.decode(W3CHttpResponseCodec.java:122)
	at org.openqa.selenium.remote.http.W3CHttpResponseCodec.decode(W3CHttpResponseCodec.java:49)
	at org.openqa.selenium.remote.HttpCommandExecutor.execute(HttpCommandExecutor.java:158)
	at org.openqa.selenium.remote.service.DriverCommandExecutor.execute(DriverCommandExecutor.java:83)
	at org.openqa.selenium.remote.RemoteWebDriver.execute(RemoteWebDriver.java:552)
	at org.openqa.selenium.remote.RemoteWebElement.execute(RemoteWebElement.java:285)
	at org.openqa.selenium.remote.RemoteWebElement.click(RemoteWebElement.java:84)
	at org.test.pro.add_system_users.TC05_check_dashboardlist_based_on_repository_select.add_system_user1(TC05_check_dashboardlist_based_on_repository_select.java:129)
... Removed 29 stack frames]]>
    </failure>
  </testcase> <!-- add_system_user1 -->
  <testcase name="add_system_user2" time="53.314" classname="org.test.pro.add_system_users.TC05_check_dashboardlist_based_on_repository_select"/>
  <testcase name="add_system_user" time="30.091" classname="org.test.pro.add_system_users.TC02_adduser_by_assign_repository_and_check"/>
  <testcase name="add_system_user1" time="33.878" classname="org.test.pro.add_system_users.TC02_adduser_by_assign_repository_and_check"/>
  <testcase name="add_system_user2" time="51.678" classname="org.test.pro.add_system_users.TC02_adduser_by_assign_repository_and_check"/>
  <testcase name="add_system_user" time="24.169" classname="org.test.pro.add_system_users.TC11_add_user_by_enable_admin_check_admin_privilege">
    <failure type="org.openqa.selenium.WebDriverException" message="unknown error: unhandled inspector error: {&amp;quot;code&amp;quot;:-32000,&amp;quot;message&amp;quot;:&amp;quot;Inspected target navigated or closed&amp;quot;}
  (Session info: chrome=101.0.4951.54)
Build info: version: &amp;apos;3.141.59&amp;apos;, revision: &amp;apos;e82be7d358&amp;apos;, time: &amp;apos;2018-11-14T08:17:03&amp;apos;
System info: host: &amp;apos;DESKTOP-RLEMNO7&amp;apos;, ip: &amp;apos;192.168.68.102&amp;apos;, os.name: &amp;apos;Windows 10&amp;apos;, os.arch: &amp;apos;amd64&amp;apos;, os.version: &amp;apos;10.0&amp;apos;, java.version: &amp;apos;1.8.0_333&amp;apos;
Driver info: org.openqa.selenium.chrome.ChromeDriver
Capabilities {acceptInsecureCerts: false, browserName: chrome, browserVersion: 101.0.4951.54, chrome: {chromedriverVersion: 101.0.4951.41 (93c720db8323..., userDataDir: C:\Users\HP\AppData\Local\T...}, goog:chromeOptions: {debuggerAddress: localhost:50909}, javascriptEnabled: true, networkConnectionEnabled: false, pageLoadStrategy: normal, platform: WINDOWS, platformName: WINDOWS, proxy: Proxy(), setWindowRect: true, strictFileInteractability: false, timeouts: {implicit: 0, pageLoad: 300000, script: 30000}, unhandledPromptBehavior: dismiss and notify, webauthn:extension:credBlob: true, webauthn:extension:largeBlob: true, webauthn:virtualAuthenticators: true}
Session ID: ef777b77637eb81f614c77a3bf705f73
*** Element info: {Using=xpath, value=//div[@class=&amp;apos;header-left-menu pt-1&amp;apos;]}">
      <![CDATA[org.openqa.selenium.WebDriverException: unknown error: unhandled inspector error: {"code":-32000,"message":"Inspected target navigated or closed"}
  (Session info: chrome=101.0.4951.54)
Build info: version: '3.141.59', revision: 'e82be7d358', time: '2018-11-14T08:17:03'
System info: host: 'DESKTOP-RLEMNO7', ip: '192.168.68.102', os.name: 'Windows 10', os.arch: 'amd64', os.version: '10.0', java.version: '1.8.0_333'
Driver info: org.openqa.selenium.chrome.ChromeDriver
Capabilities {acceptInsecureCerts: false, browserName: chrome, browserVersion: 101.0.4951.54, chrome: {chromedriverVersion: 101.0.4951.41 (93c720db8323..., userDataDir: C:\Users\HP\AppData\Local\T...}, goog:chromeOptions: {debuggerAddress: localhost:50909}, javascriptEnabled: true, networkConnectionEnabled: false, pageLoadStrategy: normal, platform: WINDOWS, platformName: WINDOWS, proxy: Proxy(), setWindowRect: true, strictFileInteractability: false, timeouts: {implicit: 0, pageLoad: 300000, script: 30000}, unhandledPromptBehavior: dismiss and notify, webauthn:extension:credBlob: true, webauthn:extension:largeBlob: true, webauthn:virtualAuthenticators: true}
Session ID: ef777b77637eb81f614c77a3bf705f73
*** Element info: {Using=xpath, value=//div[@class='header-left-menu pt-1']}
	at org.openqa.selenium.remote.http.W3CHttpResponseCodec.createException(W3CHttpResponseCodec.java:187)
	at org.openqa.selenium.remote.http.W3CHttpResponseCodec.decode(W3CHttpResponseCodec.java:122)
	at org.openqa.selenium.remote.http.W3CHttpResponseCodec.decode(W3CHttpResponseCodec.java:49)
	at org.openqa.selenium.remote.HttpCommandExecutor.execute(HttpCommandExecutor.java:158)
	at org.openqa.selenium.remote.service.DriverCommandExecutor.execute(DriverCommandExecutor.java:83)
	at org.openqa.selenium.remote.RemoteWebDriver.execute(RemoteWebDriver.java:552)
	at org.openqa.selenium.remote.RemoteWebDriver.findElement(RemoteWebDriver.java:323)
	at org.openqa.selenium.remote.RemoteWebDriver.findElementByXPath(RemoteWebDriver.java:428)
	at org.openqa.selenium.By$ByXPath.findElement(By.java:353)
	at org.openqa.selenium.remote.RemoteWebDriver.findElement(RemoteWebDriver.java:315)
	at org.openqa.selenium.support.pagefactory.DefaultElementLocator.findElement(DefaultElementLocator.java:69)
	at org.openqa.selenium.support.pagefactory.internal.LocatingElementHandler.invoke(LocatingElementHandler.java:38)
	at com.sun.proxy.$Proxy8.click(Unknown Source)
	at org.test.pro.add_system_users.TC11_add_user_by_enable_admin_check_admin_privilege.add_system_user(TC11_add_user_by_enable_admin_check_admin_privilege.java:64)
... Removed 29 stack frames]]>
    </failure>
  </testcase> <!-- add_system_user -->
  <testcase name="add_system_user1" time="28.893" classname="org.test.pro.add_system_users.TC11_add_user_by_enable_admin_check_admin_privilege"/>
  <testcase name="add_system_user2" time="46.554" classname="org.test.pro.add_system_users.TC11_add_user_by_enable_admin_check_admin_privilege"/>
  <testcase name="add_system_user" time="21.432" classname="org.test.pro.add_system_users.TC13_add_user_as_activestate_check_status"/>
  <testcase name="add_system_user1" time="24.824" classname="org.test.pro.add_system_users.TC13_add_user_as_activestate_check_status"/>
  <testcase name="add_system_user2" time="23.267" classname="org.test.pro.add_system_users.TC13_add_user_as_activestate_check_status"/>
  <testcase name="add_system_user" time="20.772" classname="org.test.pro.add_system_users.TC15_check_active_user_able_to_login"/>
  <testcase name="add_system_user1" time="24.864" classname="org.test.pro.add_system_users.TC15_check_active_user_able_to_login"/>
  <testcase name="add_system_user2" time="40.115" classname="org.test.pro.add_system_users.TC15_check_active_user_able_to_login"/>
  <testcase name="add_system_user" time="20.923" classname="org.test.pro.add_system_users.TC16_check_inactive_user_able_to_login"/>
  <testcase name="add_system_user1" time="24.973" classname="org.test.pro.add_system_users.TC16_check_inactive_user_able_to_login"/>
  <testcase name="add_system_user2" time="40.071" classname="org.test.pro.add_system_users.TC16_check_inactive_user_able_to_login"/>
  <testcase name="add_system_user" time="28.089" classname="org.test.pro.add_system_users.TC06_check_grouplist_based_on_repository_select"/>
  <testcase name="add_system_user1" time="34.529" classname="org.test.pro.add_system_users.TC06_check_grouplist_based_on_repository_select"/>
  <testcase name="add_system_user2" time="53.931" classname="org.test.pro.add_system_users.TC06_check_grouplist_based_on_repository_select"/>
  <testcase name="add_system_user" time="28.361" classname="org.test.pro.add_system_users.TC03_adduser_with_assigning_dashboard_and_check_user"/>
  <testcase name="add_system_user1" time="32.422" classname="org.test.pro.add_system_users.TC03_adduser_with_assigning_dashboard_and_check_user"/>
  <testcase name="add_system_user2" time="49.952" classname="org.test.pro.add_system_users.TC03_adduser_with_assigning_dashboard_and_check_user"/>
</testsuite> <!-- Test -->
